d:\qt\qtandopencv\qtandopencv\x64\debug\vc120.pdb
d:\qt\qtandopencv\qtandopencv\x64\debug\qrc_qtandopencv.obj
d:\qt\qtandopencv\qtandopencv\x64\debug\qtandopencv.obj
d:\qt\qtandopencv\qtandopencv\x64\debug\main.obj
d:\qt\qtandopencv\qtandopencv\x64\debug\moc_qtandopencv.obj
d:\qt\qtandopencv\qtandopencv\x64\debug\roto.obj
d:\qt\qtandopencv\qtandopencv\generatedfiles\qrc_qtandopencv.cpp
d:\qt\qtandopencv\qtandopencv\generatedfiles\ui_qtandopencv.h
d:\qt\qtandopencv\qtandopencv\generatedfiles\debug\moc_qtandopencv.cpp
d:\qt\qtandopencv\x64\debug\qtandopencv.ilk
d:\qt\qtandopencv\x64\debug\qtandopencv.exe
d:\qt\qtandopencv\x64\debug\qtandopencv.pdb
d:\qt\qtandopencv\qtandopencv\x64\debug\qtandopencv.tlog\cl.command.1.tlog
d:\qt\qtandopencv\qtandopencv\x64\debug\qtandopencv.tlog\cl.read.1.tlog
d:\qt\qtandopencv\qtandopencv\x64\debug\qtandopencv.tlog\cl.write.1.tlog
d:\qt\qtandopencv\qtandopencv\x64\debug\qtandopencv.tlog\custombuild.command.1.tlog
d:\qt\qtandopencv\qtandopencv\x64\debug\qtandopencv.tlog\custombuild.read.1.tlog
d:\qt\qtandopencv\qtandopencv\x64\debug\qtandopencv.tlog\custombuild.write.1.tlog
d:\qt\qtandopencv\qtandopencv\x64\debug\qtandopencv.tlog\link.command.1.tlog
d:\qt\qtandopencv\qtandopencv\x64\debug\qtandopencv.tlog\link.read.1.tlog
d:\qt\qtandopencv\qtandopencv\x64\debug\qtandopencv.tlog\link.write.1.tlog
